<?xml version="1.0" encoding="UTF-8"?>
<testsuite xmlns:xsi="http://www.w3.org/2001/XMLSchema-instance" xsi:noNamespaceSchemaLocation="https://maven.apache.org/surefire/maven-surefire-plugin/xsd/surefire-test-report.xsd" name="com.example.demo.LbbApplicationTests" time="0.295" tests="1" errors="1" skipped="0" failures="0">
  <properties>
[...]
</properties>
  <testcase name="contextLoads" classname="com.example.demo.LbbApplicationTests" time="0.283">
    <error message="StatementCallback; bad SQL grammar [select count(*)  from  hwx_one]; nested exception is com.microsoft.sqlserver.jdbc.SQLServerException: 对象名 &apos;hwx_one&apos; 无效。" type="org.springframework.jdbc.BadSqlGrammarException">org.springframework.jdbc.BadSqlGrammarException: StatementCallback; bad SQL grammar [select count(*)  from  hwx_one]; nested exception is com.microsoft.sqlserver.jdbc.SQLServerException: 对象名 'hwx_one' 无效。
	at com.example.demo.LbbApplicationTests.contextLoads(LbbApplicationTests.java:19)
Caused by: com.microsoft.sqlserver.jdbc.SQLServerException: 对象名 'hwx_one' 无效。
	at com.example.demo.LbbApplicationTests.contextLoads(LbbApplicationTests.java:19)
</error>
    <system-out><![CDATA[2021-04-01 09:36:12.979  INFO 2996 --- [           main] .b.t.c.SpringBootTestContextBootstrapper : Neither @ContextConfiguration nor @ContextHierarchy found for test class [com.example.demo.LbbApplicationTests], using SpringBootContextLoader
2021-04-01 09:36:12.999  INFO 2996 --- [           main] o.s.t.c.support.AbstractContextLoader    : Could not detect default resource locations for test class [com.example.demo.LbbApplicationTests]: no resource found for suffixes {-context.xml, Context.groovy}.
2021-04-01 09:36:13.000  INFO 2996 --- [           main] t.c.s.AnnotationConfigContextLoaderUtils : Could not detect default configuration classes for test class [com.example.demo.LbbApplicationTests]: LbbApplicationTests does not declare any static, non-private, non-final, nested classes annotated with @Configuration.
2021-04-01 09:36:13.017  INFO 2996 --- [           main] .b.t.c.SpringBootTestContextBootstrapper : Found @SpringBootConfiguration com.LbbApplication for test class com.example.demo.LbbApplicationTests
2021-04-01 09:36:13.038  INFO 2996 --- [           main] .b.t.c.SpringBootTestContextBootstrapper : Loaded default TestExecutionListener class names from location [META-INF/spring.factories]: [org.springframework.boot.test.mock.mockito.MockitoTestExecutionListener, org.springframework.boot.test.mock.mockito.ResetMocksTestExecutionListener, org.springframework.boot.test.autoconfigure.restdocs.RestDocsTestExecutionListener, org.springframework.boot.test.autoconfigure.web.client.MockRestServiceServerResetTestExecutionListener, org.springframework.boot.test.autoconfigure.web.servlet.MockMvcPrintOnlyOnFailureTestExecutionListener, org.springframework.boot.test.autoconfigure.web.servlet.WebDriverTestExecutionListener, org.springframework.boot.test.autoconfigure.webservices.client.MockWebServiceServerTestExecutionListener, org.springframework.test.context.web.ServletTestExecutionListener, org.springframework.test.context.support.DirtiesContextBeforeModesTestExecutionListener, org.springframework.test.context.support.DependencyInjectionTestExecutionListener, org.springframework.test.context.support.DirtiesContextTestExecutionListener, org.springframework.test.context.transaction.TransactionalTestExecutionListener, org.springframework.test.context.jdbc.SqlScriptsTestExecutionListener, org.springframework.test.context.event.EventPublishingTestExecutionListener]
2021-04-01 09:36:13.039  INFO 2996 --- [           main] .b.t.c.SpringBootTestContextBootstrapper : Using TestExecutionListeners: [org.springframework.test.context.web.ServletTestExecutionListener@2610cb55, org.springframework.test.context.support.DirtiesContextBeforeModesTestExecutionListener@43e78ed6, org.springframework.boot.test.mock.mockito.MockitoTestExecutionListener@1eecc98c, org.springframework.boot.test.autoconfigure.SpringBootDependencyInjectionTestExecutionListener@62b0059, org.springframework.test.context.support.DirtiesContextTestExecutionListener@264129aa, org.springframework.test.context.transaction.TransactionalTestExecutionListener@59af828a, org.springframework.test.context.jdbc.SqlScriptsTestExecutionListener@2177809a, org.springframework.test.context.event.EventPublishingTestExecutionListener@7f006525, org.springframework.boot.test.mock.mockito.ResetMocksTestExecutionListener@50231f16, org.springframework.boot.test.autoconfigure.restdocs.RestDocsTestExecutionListener@75bd7c4a, org.springframework.boot.test.autoconfigure.web.client.MockRestServiceServerResetTestExecutionListener@68535137, org.springframework.boot.test.autoconfigure.web.servlet.MockMvcPrintOnlyOnFailureTestExecutionListener@14062855, org.springframework.boot.test.autoconfigure.web.servlet.WebDriverTestExecutionListener@5c954e6c, org.springframework.boot.test.autoconfigure.webservices.client.MockWebServiceServerTestExecutionListener@42542698]
]]></system-out>
  </testcase>
</testsuite>